log messages to file: C:\DT\Natlink\PyTest\testresult.txt
starting unittestNatlink

starting tests with threading: 0

testNestedMimics
testNextPrevRulesAndWordsRecursive
test recognitionMimic, version: 15
test recognitionMimicCommands, version: 15
validLists: ['colors']
testSelectGram

--------------- errors -----------------

---------- testNestedMimics (__main__.UnittestNatlink) --------
Traceback (most recent call last):
  File "<string>", line 3671, in testNestedMimics
  File "<string>", line 3627, in checkExperiment
TestError: Grammar failed to get recognized
   Expected = ['one']
   Results = []

---------- testNextPrevRulesAndWordsRecursive (__main__.UnittestNatlink) --------
Traceback (most recent call last):
  File "<string>", line 3526, in testNextPrevRulesAndWordsRecursive
natlink.MimicFailed: recognitionMimic call failed (The speech engine returned the following error: MimicNoResults)

---------- testRecognitionMimic (__main__.UnittestNatlink) --------
Traceback (most recent call last):
  File "<string>", line 1258, in testRecognitionMimic
  File "<string>", line 2054, in doTestMimicResult
  File "<string>", line 578, in doTestWindowContents
  File "<string>", line 571, in getWindowContents
TestError: Failed to read the contents of the NatSpeak window: |'Test'|

--------------- failures -----------------

---------- testRecognitionMimicCommands (__main__.UnittestNatlink) --------
Traceback (most recent call last):
  File "<string>", line 1217, in testRecognitionMimicCommands
  File "<string>", line 2039, in doTestCommandRecognition
AssertionError: recognition mimic succeeded, but got wrong recogType from testGram 'other', words: ['mimic', 'three', 'painting'] (expected 'self'
